# JRE version: Java(TM) SE Runtime Environment (21.0.2+13) (build 21.0.2+13-LTS-58)
# Java VM: Java HotSpot(TM) 64-Bit Server VM (21.0.2+13-LTS-58, mixed mode, sharing, tiered, compressed oops, compressed class ptrs, g1 gc, windows-amd64)
GC Precious Log:
 CardTable entry size: 512
 Card Set container configuration: InlinePtr #cards 5 size 8 Array Of Cards #cards 12 size 40 Howl #buckets 4 coarsen threshold 1843 Howl Bitmap #cards 512 size 80 coarsen threshold 460 Card regions per heap region 1 cards per card region 2048
 CPUs: 12 total, 12 available
 Memory: 7813M
 Large Page Support: Disabled
 NUMA Support: Disabled
 Compressed Oops: Enabled (32-bit)
 Heap Region Size: 1M
 Heap Min Capacity: 8M
 Heap Initial Capacity: 124M
 Heap Max Capacity: 1954M
 Pre-touch: Disabled
 Parallel Workers: 10
 Concurrent Workers: 3
 Concurrent Refinement Workers: 10
 Periodic GC: Disabled
Heap:
 garbage-first heap   total 83968K, used 43454K [0x0000000085e00000, 0x0000000100000000)
  region size 1024K, 3 young (3072K), 3 survivors (3072K)
 Metaspace       used 28238K, committed 28672K, reserved 1114112K
  class space    used 3172K, committed 3392K, reserved 1048576K
GC Heap History (17 events):
Event: 0.385 GC heap before
{Heap before GC invocations=0 (full 0):
 garbage-first heap   total 126976K, used 22528K [0x0000000085e00000, 0x0000000100000000)
  region size 1024K, 23 young (23552K), 0 survivors (0K)
 Metaspace       used 5835K, committed 6016K, reserved 1114112K
  class space    used 674K, committed 768K, reserved 1048576K
}
Event: 0.390 GC heap after
{Heap after GC invocations=1 (full 0):
 garbage-first heap   total 126976K, used 3968K [0x0000000085e00000, 0x0000000100000000)
  region size 1024K, 3 young (3072K), 3 survivors (3072K)
 Metaspace       used 5835K, committed 6016K, reserved 1114112K
  class space    used 674K, committed 768K, reserved 1048576K
}
Event: 0.741 GC heap before
{Heap before GC invocations=1 (full 0):
 garbage-first heap   total 126976K, used 35712K [0x0000000085e00000, 0x0000000100000000)
  region size 1024K, 34 young (34816K), 3 survivors (3072K)
 Metaspace       used 10705K, committed 10880K, reserved 1114112K
  class space    used 1275K, committed 1344K, reserved 1048576K
}
Event: 0.747 GC heap after
{Heap after GC invocations=2 (full 0):
 garbage-first heap   total 126976K, used 6161K [0x0000000085e00000, 0x0000000100000000)
  region size 1024K, 3 young (3072K), 3 survivors (3072K)
 Metaspace       used 10705K, committed 10880K, reserved 1114112K
  class space    used 1275K, committed 1344K, reserved 1048576K
}
Event: 1.798 GC heap before
{Heap before GC invocations=2 (full 0):
 garbage-first heap   total 126976K, used 71697K [0x0000000085e00000, 0x0000000100000000)
  region size 1024K, 68 young (69632K), 3 survivors (3072K)
 Metaspace       used 21189K, committed 21504K, reserved 1114112K
  class space    used 2489K, committed 2688K, reserved 1048576K
}
Event: 1.806 GC heap after
{Heap after GC invocations=3 (full 0):
 garbage-first heap   total 126976K, used 11956K [0x0000000085e00000, 0x0000000100000000)
  region size 1024K, 8 young (8192K), 8 survivors (8192K)
 Metaspace       used 21189K, committed 21504K, reserved 1114112K
  class space    used 2489K, committed 2688K, reserved 1048576K
}
Event: 2.066 GC heap before
{Heap before GC invocations=4 (full 0):
 garbage-first heap   total 48128K, used 47796K [0x0000000085e00000, 0x0000000100000000)
  region size 1024K, 43 young (44032K), 8 survivors (8192K)
 Metaspace       used 24619K, committed 24960K, reserved 1114112K
  class space    used 2825K, committed 3008K, reserved 1048576K
}
Event: 2.080 GC heap after
{Heap after GC invocations=5 (full 0):
 garbage-first heap   total 66560K, used 21321K [0x0000000085e00000, 0x0000000100000000)
  region size 1024K, 10 young (10240K), 10 survivors (10240K)
 Metaspace       used 24619K, committed 24960K, reserved 1114112K
  class space    used 2825K, committed 3008K, reserved 1048576K
}
Event: 2.205 GC heap before
{Heap before GC invocations=5 (full 0):
 garbage-first heap   total 66560K, used 51017K [0x0000000085e00000, 0x0000000100000000)
  region size 1024K, 39 young (39936K), 10 survivors (10240K)
 Metaspace       used 25193K, committed 25472K, reserved 1114112K
  class space    used 2897K, committed 3008K, reserved 1048576K
}
Event: 2.217 GC heap after
{Heap after GC invocations=6 (full 0):
 garbage-first heap   total 83968K, used 28672K [0x0000000085e00000, 0x0000000100000000)
  region size 1024K, 5 young (5120K), 5 survivors (5120K)
 Metaspace       used 25193K, committed 25472K, reserved 1114112K
  class space    used 2897K, committed 3008K, reserved 1048576K
}
Event: 2.388 GC heap before
{Heap before GC invocations=6 (full 0):
 garbage-first heap   total 83968K, used 64512K [0x0000000085e00000, 0x0000000100000000)
  region size 1024K, 40 young (40960K), 5 survivors (5120K)
 Metaspace       used 25855K, committed 26240K, reserved 1114112K
  class space    used 2966K, committed 3136K, reserved 1048576K
}
Event: 2.397 GC heap after
{Heap after GC invocations=7 (full 0):
 garbage-first heap   total 83968K, used 36352K [0x0000000085e00000, 0x0000000100000000)
  region size 1024K, 5 young (5120K), 5 survivors (5120K)
 Metaspace       used 25855K, committed 26240K, reserved 1114112K
  class space    used 2966K, committed 3136K, reserved 1048576K
}
Event: 2.600 GC heap before
{Heap before GC invocations=7 (full 0):
 garbage-first heap   total 83968K, used 68096K [0x0000000085e00000, 0x0000000100000000)
  region size 1024K, 35 young (35840K), 5 survivors (5120K)
 Metaspace       used 26561K, committed 26880K, reserved 1114112K
  class space    used 3026K, committed 3200K, reserved 1048576K
}
Event: 2.608 GC heap after
{Heap after GC invocations=8 (full 0):
 garbage-first heap   total 83968K, used 40943K [0x0000000085e00000, 0x0000000100000000)
  region size 1024K, 4 young (4096K), 4 survivors (4096K)
 Metaspace       used 26561K, committed 26880K, reserved 1114112K
  class space    used 3026K, committed 3200K, reserved 1048576K
}
Event: 2.909 GC heap before
{Heap before GC invocations=8 (full 0):
 garbage-first heap   total 83968K, used 69615K [0x0000000085e00000, 0x0000000100000000)
  region size 1024K, 32 young (32768K), 4 survivors (4096K)
 Metaspace       used 28085K, committed 28480K, reserved 1114112K
  class space    used 3172K, committed 3392K, reserved 1048576K
}
Event: 2.915 GC heap after
{Heap after GC invocations=9 (full 0):
 garbage-first heap   total 83968K, used 43008K [0x0000000085e00000, 0x0000000100000000)
  region size 1024K, 2 young (2048K), 2 survivors (2048K)
 Metaspace       used 28085K, committed 28480K, reserved 1114112K
  class space    used 3172K, committed 3392K, reserved 1048576K
}
Event: 3.088 GC heap before
{Heap before GC invocations=10 (full 0):
 garbage-first heap   total 83968K, used 71680K [0x0000000085e00000, 0x0000000100000000)
  region size 1024K, 30 young (30720K), 2 survivors (2048K)
 Metaspace       used 28238K, committed 28672K, reserved 1114112K
  class space    used 3172K, committed 3392K, reserved 1048576K
}

